{"/Users/chris/git/cli-fy/airbnb.com/src/app.ts": {"path":"/Users/chris/git/cli-fy/airbnb.com/src/app.ts","all":false,"statementMap":{"0":{"start":{"line":1,"column":0},"end":{"line":1,"column":47}},"1":{"start":{"line":2,"column":0},"end":{"line":2,"column":74}},"2":{"start":{"line":3,"column":0},"end":{"line":3,"column":64}},"3":{"start":{"line":4,"column":0},"end":{"line":4,"column":71}},"4":{"start":{"line":5,"column":0},"end":{"line":5,"column":73}},"6":{"start":{"line":7,"column":0},"end":{"line":7,"column":42}},"7":{"start":{"line":8,"column":0},"end":{"line":8,"column":31}},"9":{"start":{"line":10,"column":0},"end":{"line":10,"column":32}},"10":{"start":{"line":11,"column":0},"end":{"line":11,"column":27}},"11":{"start":{"line":12,"column":0},"end":{"line":12,"column":31}},"12":{"start":{"line":13,"column":0},"end":{"line":13,"column":30}},"14":{"start":{"line":15,"column":0},"end":{"line":15,"column":12}},"15":{"start":{"line":16,"column":0},"end":{"line":16,"column":1}}},"s":{"0":1,"1":1,"2":1,"3":1,"4":1,"6":1,"7":8,"9":8,"10":8,"11":8,"12":8,"14":8,"15":8},"branchMap":{"0":{"type":"branch","line":7,"loc":{"start":{"line":7,"column":7},"end":{"line":16,"column":1}},"locations":[{"start":{"line":7,"column":7},"end":{"line":16,"column":1}}]}},"b":{"0":[8]},"fnMap":{"0":{"name":"createApp","decl":{"start":{"line":7,"column":7},"end":{"line":16,"column":1}},"loc":{"start":{"line":7,"column":7},"end":{"line":16,"column":1}},"line":7}},"f":{"0":8}}
,"/Users/chris/git/cli-fy/airbnb.com/src/index.ts": {"path":"/Users/chris/git/cli-fy/airbnb.com/src/index.ts","all":false,"statementMap":{"0":{"start":{"line":1,"column":0},"end":{"line":1,"column":27}},"1":{"start":{"line":2,"column":0},"end":{"line":2,"column":36}},"2":{"start":{"line":3,"column":0},"end":{"line":3,"column":51}},"4":{"start":{"line":5,"column":0},"end":{"line":5,"column":23}},"5":{"start":{"line":6,"column":0},"end":{"line":6,"column":37}},"7":{"start":{"line":8,"column":0},"end":{"line":8,"column":34}},"8":{"start":{"line":9,"column":0},"end":{"line":9,"column":80}},"9":{"start":{"line":10,"column":0},"end":{"line":10,"column":19}},"10":{"start":{"line":11,"column":0},"end":{"line":11,"column":45}},"11":{"start":{"line":12,"column":0},"end":{"line":12,"column":19}},"12":{"start":{"line":13,"column":0},"end":{"line":13,"column":38}},"13":{"start":{"line":14,"column":0},"end":{"line":14,"column":2}},"15":{"start":{"line":16,"column":0},"end":{"line":16,"column":18}}},"s":{"0":1,"1":1,"2":1,"4":1,"5":1,"7":1,"8":1,"9":1,"10":1,"11":1,"12":1,"13":1,"15":1},"branchMap":{},"b":{},"fnMap":{},"f":{}}
,"/Users/chris/git/cli-fy/airbnb.com/src/open-api.ts": {"path":"/Users/chris/git/cli-fy/airbnb.com/src/open-api.ts","all":false,"statementMap":{"2":{"start":{"line":3,"column":0},"end":{"line":3,"column":80}},"3":{"start":{"line":4,"column":0},"end":{"line":4,"column":33}},"4":{"start":{"line":5,"column":0},"end":{"line":5,"column":21}},"5":{"start":{"line":6,"column":0},"end":{"line":6,"column":11}},"6":{"start":{"line":7,"column":0},"end":{"line":7,"column":33}},"7":{"start":{"line":8,"column":0},"end":{"line":8,"column":23}},"8":{"start":{"line":9,"column":0},"end":{"line":9,"column":18}},"9":{"start":{"line":10,"column":0},"end":{"line":10,"column":99}},"10":{"start":{"line":11,"column":0},"end":{"line":11,"column":6}},"11":{"start":{"line":12,"column":0},"end":{"line":12,"column":14}},"12":{"start":{"line":13,"column":0},"end":{"line":13,"column":7}},"13":{"start":{"line":14,"column":0},"end":{"line":14,"column":38}},"14":{"start":{"line":15,"column":0},"end":{"line":15,"column":39}},"15":{"start":{"line":16,"column":0},"end":{"line":16,"column":8}},"16":{"start":{"line":17,"column":0},"end":{"line":17,"column":6}},"17":{"start":{"line":18,"column":0},"end":{"line":18,"column":42}},"18":{"start":{"line":19,"column":0},"end":{"line":19,"column":1}}},"s":{"2":1,"3":2,"4":2,"5":2,"6":2,"7":2,"8":2,"9":2,"10":2,"11":2,"12":2,"13":2,"14":2,"15":2,"16":2,"17":2,"18":2},"branchMap":{"0":{"type":"branch","line":3,"loc":{"start":{"line":3,"column":7},"end":{"line":19,"column":1}},"locations":[{"start":{"line":3,"column":7},"end":{"line":19,"column":1}}]}},"b":{"0":[2]},"fnMap":{"0":{"name":"generateOpenApiSpec","decl":{"start":{"line":3,"column":7},"end":{"line":19,"column":1}},"loc":{"start":{"line":3,"column":7},"end":{"line":19,"column":1}},"line":3}},"f":{"0":2}}
,"/Users/chris/git/cli-fy/airbnb.com/src/clients/airbnb-client.ts": {"path":"/Users/chris/git/cli-fy/airbnb.com/src/clients/airbnb-client.ts","all":false,"statementMap":{"0":{"start":{"line":1,"column":0},"end":{"line":1,"column":63}},"1":{"start":{"line":2,"column":0},"end":{"line":2,"column":81}},"3":{"start":{"line":4,"column":0},"end":{"line":4,"column":41}},"4":{"start":{"line":5,"column":0},"end":{"line":5,"column":50}},"6":{"start":{"line":7,"column":0},"end":{"line":7,"column":49}},"7":{"start":{"line":8,"column":0},"end":{"line":8,"column":10}},"8":{"start":{"line":9,"column":0},"end":{"line":9,"column":32}},"9":{"start":{"line":10,"column":0},"end":{"line":10,"column":32}},"10":{"start":{"line":11,"column":0},"end":{"line":11,"column":28}},"11":{"start":{"line":12,"column":0},"end":{"line":12,"column":39}},"12":{"start":{"line":13,"column":0},"end":{"line":13,"column":3}},"13":{"start":{"line":14,"column":0},"end":{"line":14,"column":1}},"68":{"start":{"line":69,"column":0},"end":{"line":69,"column":98}},"69":{"start":{"line":70,"column":0},"end":{"line":70,"column":70}},"70":{"start":{"line":71,"column":0},"end":{"line":71,"column":38}},"71":{"start":{"line":72,"column":0},"end":{"line":72,"column":41}},"72":{"start":{"line":73,"column":0},"end":{"line":73,"column":39}},"73":{"start":{"line":74,"column":0},"end":{"line":74,"column":38}},"74":{"start":{"line":75,"column":0},"end":{"line":75,"column":40}},"75":{"start":{"line":76,"column":0},"end":{"line":76,"column":52}},"76":{"start":{"line":77,"column":0},"end":{"line":77,"column":43}},"77":{"start":{"line":78,"column":0},"end":{"line":78,"column":46}},"78":{"start":{"line":79,"column":0},"end":{"line":79,"column":54}},"79":{"start":{"line":80,"column":0},"end":{"line":80,"column":38}},"80":{"start":{"line":81,"column":0},"end":{"line":81,"column":23}},"81":{"start":{"line":82,"column":0},"end":{"line":82,"column":14}},"82":{"start":{"line":83,"column":0},"end":{"line":83,"column":92}},"83":{"start":{"line":84,"column":0},"end":{"line":84,"column":3}},"85":{"start":{"line":86,"column":0},"end":{"line":86,"column":58}},"86":{"start":{"line":87,"column":0},"end":{"line":87,"column":28}},"87":{"start":{"line":88,"column":0},"end":{"line":88,"column":4}},"88":{"start":{"line":89,"column":0},"end":{"line":89,"column":1}},"90":{"start":{"line":91,"column":0},"end":{"line":91,"column":72}},"91":{"start":{"line":92,"column":0},"end":{"line":92,"column":56}},"92":{"start":{"line":93,"column":0},"end":{"line":93,"column":38}},"93":{"start":{"line":94,"column":0},"end":{"line":94,"column":41}},"94":{"start":{"line":95,"column":0},"end":{"line":95,"column":40}},"96":{"start":{"line":97,"column":0},"end":{"line":97,"column":57}},"97":{"start":{"line":98,"column":0},"end":{"line":98,"column":28}},"98":{"start":{"line":99,"column":0},"end":{"line":99,"column":4}},"99":{"start":{"line":100,"column":0},"end":{"line":100,"column":1}},"101":{"start":{"line":102,"column":0},"end":{"line":102,"column":83}},"102":{"start":{"line":103,"column":0},"end":{"line":103,"column":54}},"103":{"start":{"line":104,"column":0},"end":{"line":104,"column":54}},"105":{"start":{"line":106,"column":0},"end":{"line":106,"column":48}},"106":{"start":{"line":107,"column":0},"end":{"line":107,"column":14}},"107":{"start":{"line":108,"column":0},"end":{"line":108,"column":19}},"108":{"start":{"line":109,"column":0},"end":{"line":109,"column":128}},"109":{"start":{"line":110,"column":0},"end":{"line":110,"column":91}},"110":{"start":{"line":111,"column":0},"end":{"line":111,"column":42}},"111":{"start":{"line":112,"column":0},"end":{"line":112,"column":6}},"112":{"start":{"line":113,"column":0},"end":{"line":113,"column":4}},"114":{"start":{"line":115,"column":0},"end":{"line":115,"column":21}},"115":{"start":{"line":116,"column":0},"end":{"line":116,"column":59}},"116":{"start":{"line":117,"column":0},"end":{"line":117,"column":3}},"118":{"start":{"line":119,"column":0},"end":{"line":119,"column":36}},"119":{"start":{"line":120,"column":0},"end":{"line":120,"column":43}},"121":{"start":{"line":122,"column":0},"end":{"line":122,"column":10}},"122":{"start":{"line":123,"column":0},"end":{"line":123,"column":56}},"123":{"start":{"line":124,"column":0},"end":{"line":124,"column":3}},"124":{"start":{"line":125,"column":0},"end":{"line":125,"column":1}},"126":{"start":{"line":127,"column":0},"end":{"line":127,"column":83}},"127":{"start":{"line":128,"column":0},"end":{"line":128,"column":46}},"129":{"start":{"line":130,"column":0},"end":{"line":130,"column":48}},"130":{"start":{"line":131,"column":0},"end":{"line":131,"column":14}},"131":{"start":{"line":132,"column":0},"end":{"line":132,"column":19}},"132":{"start":{"line":133,"column":0},"end":{"line":133,"column":128}},"133":{"start":{"line":134,"column":0},"end":{"line":134,"column":91}},"134":{"start":{"line":135,"column":0},"end":{"line":135,"column":42}},"135":{"start":{"line":136,"column":0},"end":{"line":136,"column":6}},"136":{"start":{"line":137,"column":0},"end":{"line":137,"column":4}},"138":{"start":{"line":139,"column":0},"end":{"line":139,"column":21}},"139":{"start":{"line":140,"column":0},"end":{"line":140,"column":59}},"140":{"start":{"line":141,"column":0},"end":{"line":141,"column":3}},"142":{"start":{"line":143,"column":0},"end":{"line":143,"column":36}},"143":{"start":{"line":144,"column":0},"end":{"line":144,"column":43}},"145":{"start":{"line":146,"column":0},"end":{"line":146,"column":10}},"146":{"start":{"line":147,"column":0},"end":{"line":147,"column":33}},"147":{"start":{"line":148,"column":0},"end":{"line":148,"column":33}},"148":{"start":{"line":149,"column":0},"end":{"line":149,"column":3}},"149":{"start":{"line":150,"column":0},"end":{"line":150,"column":1}}},"s":{"0":1,"1":1,"3":1,"4":1,"6":4,"7":4,"8":4,"9":4,"10":4,"11":4,"12":4,"13":4,"68":2,"69":2,"70":2,"71":2,"72":2,"73":2,"74":2,"75":2,"76":2,"77":2,"78":2,"79":2,"80":2,"81":2,"82":2,"83":2,"85":2,"86":2,"87":2,"88":2,"90":2,"91":2,"92":2,"93":2,"94":2,"96":2,"97":2,"98":2,"99":2,"101":3,"102":3,"103":3,"105":3,"106":3,"107":3,"108":3,"109":3,"110":3,"111":3,"112":3,"114":3,"115":1,"116":1,"118":2,"119":2,"121":2,"122":2,"123":2,"124":2,"126":3,"127":3,"129":3,"130":3,"131":3,"132":3,"133":3,"134":3,"135":3,"136":3,"138":3,"139":1,"140":1,"142":2,"143":2,"145":2,"146":2,"147":2,"148":2,"149":2},"branchMap":{"0":{"type":"branch","line":7,"loc":{"start":{"line":7,"column":0},"end":{"line":14,"column":1}},"locations":[{"start":{"line":7,"column":0},"end":{"line":14,"column":1}}]},"1":{"type":"branch","line":69,"loc":{"start":{"line":69,"column":0},"end":{"line":89,"column":1}},"locations":[{"start":{"line":69,"column":0},"end":{"line":89,"column":1}}]},"2":{"type":"branch","line":91,"loc":{"start":{"line":91,"column":0},"end":{"line":100,"column":1}},"locations":[{"start":{"line":91,"column":0},"end":{"line":100,"column":1}}]},"3":{"type":"branch","line":102,"loc":{"start":{"line":102,"column":0},"end":{"line":125,"column":1}},"locations":[{"start":{"line":102,"column":0},"end":{"line":125,"column":1}}]},"4":{"type":"branch","line":115,"loc":{"start":{"line":115,"column":20},"end":{"line":125,"column":1}},"locations":[{"start":{"line":115,"column":20},"end":{"line":125,"column":1}}]},"5":{"type":"branch","line":115,"loc":{"start":{"line":115,"column":20},"end":{"line":117,"column":3}},"locations":[{"start":{"line":115,"column":20},"end":{"line":117,"column":3}}]},"6":{"type":"branch","line":127,"loc":{"start":{"line":127,"column":0},"end":{"line":150,"column":1}},"locations":[{"start":{"line":127,"column":0},"end":{"line":150,"column":1}}]},"7":{"type":"branch","line":139,"loc":{"start":{"line":139,"column":20},"end":{"line":150,"column":1}},"locations":[{"start":{"line":139,"column":20},"end":{"line":150,"column":1}}]},"8":{"type":"branch","line":139,"loc":{"start":{"line":139,"column":20},"end":{"line":141,"column":3}},"locations":[{"start":{"line":139,"column":20},"end":{"line":141,"column":3}}]}},"b":{"0":[4],"1":[2],"2":[2],"3":[3],"4":[2],"5":[1],"6":[3],"7":[2],"8":[1]},"fnMap":{"0":{"name":"buildHeaders","decl":{"start":{"line":7,"column":0},"end":{"line":14,"column":1}},"loc":{"start":{"line":7,"column":0},"end":{"line":14,"column":1}},"line":7},"1":{"name":"fetchAutocomplete","decl":{"start":{"line":69,"column":0},"end":{"line":89,"column":1}},"loc":{"start":{"line":69,"column":0},"end":{"line":89,"column":1}},"line":69},"2":{"name":"fetchUserMarkets","decl":{"start":{"line":91,"column":0},"end":{"line":100,"column":1}},"loc":{"start":{"line":91,"column":0},"end":{"line":100,"column":1}},"line":91},"3":{"name":"fetchStaysSearch","decl":{"start":{"line":102,"column":0},"end":{"line":125,"column":1}},"loc":{"start":{"line":102,"column":0},"end":{"line":125,"column":1}},"line":102},"4":{"name":"fetchStayDetail","decl":{"start":{"line":127,"column":0},"end":{"line":150,"column":1}},"loc":{"start":{"line":127,"column":0},"end":{"line":150,"column":1}},"line":127}},"f":{"0":4,"1":2,"2":2,"3":3,"4":3}}
,"/Users/chris/git/cli-fy/airbnb.com/src/routes/autocomplete/route.ts": {"path":"/Users/chris/git/cli-fy/airbnb.com/src/routes/autocomplete/route.ts","all":false,"statementMap":{"0":{"start":{"line":1,"column":0},"end":{"line":1,"column":65}},"1":{"start":{"line":2,"column":0},"end":{"line":2,"column":66}},"2":{"start":{"line":3,"column":0},"end":{"line":3,"column":81}},"4":{"start":{"line":5,"column":0},"end":{"line":5,"column":39}},"5":{"start":{"line":6,"column":0},"end":{"line":6,"column":16}},"6":{"start":{"line":7,"column":0},"end":{"line":7,"column":31}},"7":{"start":{"line":8,"column":0},"end":{"line":8,"column":12}},"8":{"start":{"line":9,"column":0},"end":{"line":9,"column":35}},"9":{"start":{"line":10,"column":0},"end":{"line":10,"column":4}},"10":{"start":{"line":11,"column":0},"end":{"line":11,"column":14}},"11":{"start":{"line":12,"column":0},"end":{"line":12,"column":10}},"12":{"start":{"line":13,"column":0},"end":{"line":13,"column":46}},"13":{"start":{"line":14,"column":0},"end":{"line":14,"column":16}},"14":{"start":{"line":15,"column":0},"end":{"line":15,"column":29}},"15":{"start":{"line":16,"column":0},"end":{"line":16,"column":45}},"16":{"start":{"line":17,"column":0},"end":{"line":17,"column":10}},"17":{"start":{"line":18,"column":0},"end":{"line":18,"column":8}},"18":{"start":{"line":19,"column":0},"end":{"line":19,"column":6}},"19":{"start":{"line":20,"column":0},"end":{"line":20,"column":10}},"20":{"start":{"line":21,"column":0},"end":{"line":21,"column":40}},"21":{"start":{"line":22,"column":0},"end":{"line":22,"column":16}},"22":{"start":{"line":23,"column":0},"end":{"line":23,"column":29}},"23":{"start":{"line":24,"column":0},"end":{"line":24,"column":45}},"24":{"start":{"line":25,"column":0},"end":{"line":25,"column":10}},"25":{"start":{"line":26,"column":0},"end":{"line":26,"column":8}},"26":{"start":{"line":27,"column":0},"end":{"line":27,"column":6}},"27":{"start":{"line":28,"column":0},"end":{"line":28,"column":4}},"28":{"start":{"line":29,"column":0},"end":{"line":29,"column":2}},"30":{"start":{"line":31,"column":0},"end":{"line":31,"column":67}},"31":{"start":{"line":32,"column":0},"end":{"line":32,"column":47}},"32":{"start":{"line":33,"column":0},"end":{"line":33,"column":45}},"34":{"start":{"line":35,"column":0},"end":{"line":35,"column":9}},"35":{"start":{"line":36,"column":0},"end":{"line":36,"column":56}},"36":{"start":{"line":37,"column":0},"end":{"line":37,"column":70}},"37":{"start":{"line":38,"column":0},"end":{"line":38,"column":20}},"38":{"start":{"line":39,"column":0},"end":{"line":39,"column":39}},"39":{"start":{"line":40,"column":0},"end":{"line":40,"column":45}},"40":{"start":{"line":41,"column":0},"end":{"line":41,"column":41}},"41":{"start":{"line":42,"column":0},"end":{"line":42,"column":31}},"42":{"start":{"line":43,"column":0},"end":{"line":43,"column":13}},"43":{"start":{"line":44,"column":0},"end":{"line":44,"column":56}},"44":{"start":{"line":45,"column":0},"end":{"line":45,"column":59}},"45":{"start":{"line":46,"column":0},"end":{"line":46,"column":54}},"46":{"start":{"line":47,"column":0},"end":{"line":47,"column":53}},"47":{"start":{"line":48,"column":0},"end":{"line":48,"column":19}},"48":{"start":{"line":49,"column":0},"end":{"line":49,"column":61}},"49":{"start":{"line":50,"column":0},"end":{"line":50,"column":61}},"50":{"start":{"line":51,"column":0},"end":{"line":51,"column":61}},"51":{"start":{"line":52,"column":0},"end":{"line":52,"column":61}},"52":{"start":{"line":53,"column":0},"end":{"line":53,"column":19}},"53":{"start":{"line":54,"column":0},"end":{"line":54,"column":28}},"54":{"start":{"line":55,"column":0},"end":{"line":55,"column":13}},"55":{"start":{"line":56,"column":0},"end":{"line":56,"column":22}},"56":{"start":{"line":57,"column":0},"end":{"line":57,"column":9}},"58":{"start":{"line":59,"column":0},"end":{"line":59,"column":41}},"59":{"start":{"line":60,"column":0},"end":{"line":60,"column":21}},"60":{"start":{"line":61,"column":0},"end":{"line":61,"column":78}},"61":{"start":{"line":62,"column":0},"end":{"line":62,"column":61}},"62":{"start":{"line":63,"column":0},"end":{"line":63,"column":5}},"63":{"start":{"line":64,"column":0},"end":{"line":64,"column":4}},"64":{"start":{"line":65,"column":0},"end":{"line":65,"column":1}}},"s":{"0":1,"1":1,"2":1,"4":1,"5":1,"6":1,"7":1,"8":1,"9":1,"10":1,"11":1,"12":1,"13":1,"14":1,"15":1,"16":1,"17":1,"18":1,"19":1,"20":1,"21":1,"22":1,"23":1,"24":1,"25":1,"26":1,"27":1,"28":1,"30":1,"31":12,"32":6,"34":6,"35":6,"36":4,"37":8,"38":8,"39":8,"40":8,"41":8,"42":7,"43":7,"44":7,"45":7,"46":7,"47":6,"48":6,"49":6,"50":6,"51":6,"52":6,"53":1,"54":7,"55":1,"56":4,"58":4,"59":4,"60":2,"61":2,"62":2,"63":12,"64":12},"branchMap":{"0":{"type":"branch","line":31,"loc":{"start":{"line":31,"column":7},"end":{"line":65,"column":1}},"locations":[{"start":{"line":31,"column":7},"end":{"line":65,"column":1}}]},"1":{"type":"branch","line":32,"loc":{"start":{"line":32,"column":33},"end":{"line":64,"column":3}},"locations":[{"start":{"line":32,"column":33},"end":{"line":64,"column":3}}]},"2":{"type":"branch","line":36,"loc":{"start":{"line":36,"column":55},"end":{"line":63,"column":5}},"locations":[{"start":{"line":36,"column":55},"end":{"line":63,"column":5}}]},"3":{"type":"branch","line":60,"loc":{"start":{"line":60,"column":4},"end":{"line":63,"column":5}},"locations":[{"start":{"line":60,"column":4},"end":{"line":63,"column":5}}]},"4":{"type":"branch","line":61,"loc":{"start":{"line":61,"column":39},"end":{"line":61,"column":63}},"locations":[{"start":{"line":61,"column":39},"end":{"line":61,"column":63}}]},"5":{"type":"branch","line":61,"loc":{"start":{"line":61,"column":53},"end":{"line":61,"column":78}},"locations":[{"start":{"line":61,"column":53},"end":{"line":61,"column":78}}]},"6":{"type":"branch","line":37,"loc":{"start":{"line":37,"column":58},"end":{"line":57,"column":8}},"locations":[{"start":{"line":37,"column":58},"end":{"line":57,"column":8}}]},"7":{"type":"branch","line":42,"loc":{"start":{"line":42,"column":23},"end":{"line":55,"column":13}},"locations":[{"start":{"line":42,"column":23},"end":{"line":55,"column":13}}]},"8":{"type":"branch","line":47,"loc":{"start":{"line":47,"column":41},"end":{"line":53,"column":19}},"locations":[{"start":{"line":47,"column":41},"end":{"line":53,"column":19}}]},"9":{"type":"branch","line":53,"loc":{"start":{"line":53,"column":18},"end":{"line":54,"column":28}},"locations":[{"start":{"line":53,"column":18},"end":{"line":54,"column":28}}]},"10":{"type":"branch","line":55,"loc":{"start":{"line":55,"column":12},"end":{"line":56,"column":22}},"locations":[{"start":{"line":55,"column":12},"end":{"line":56,"column":22}}]}},"b":{"0":[12],"1":[6],"2":[4],"3":[2],"4":[1],"5":[1],"6":[8],"7":[7],"8":[6],"9":[1],"10":[1]},"fnMap":{"0":{"name":"registerAutocompleteRoute","decl":{"start":{"line":31,"column":7},"end":{"line":65,"column":1}},"loc":{"start":{"line":31,"column":7},"end":{"line":65,"column":1}},"line":31}},"f":{"0":12}}
,"/Users/chris/git/cli-fy/airbnb.com/src/routes/markets/route.ts": {"path":"/Users/chris/git/cli-fy/airbnb.com/src/routes/markets/route.ts","all":false,"statementMap":{"0":{"start":{"line":1,"column":0},"end":{"line":1,"column":65}},"1":{"start":{"line":2,"column":0},"end":{"line":2,"column":65}},"2":{"start":{"line":3,"column":0},"end":{"line":3,"column":51}},"4":{"start":{"line":5,"column":0},"end":{"line":5,"column":34}},"5":{"start":{"line":6,"column":0},"end":{"line":6,"column":16}},"6":{"start":{"line":7,"column":0},"end":{"line":7,"column":19}},"7":{"start":{"line":8,"column":0},"end":{"line":8,"column":14}},"8":{"start":{"line":9,"column":0},"end":{"line":9,"column":14}},"9":{"start":{"line":10,"column":0},"end":{"line":10,"column":10}},"10":{"start":{"line":11,"column":0},"end":{"line":11,"column":45}},"11":{"start":{"line":12,"column":0},"end":{"line":12,"column":16}},"12":{"start":{"line":13,"column":0},"end":{"line":13,"column":29}},"13":{"start":{"line":14,"column":0},"end":{"line":14,"column":40}},"14":{"start":{"line":15,"column":0},"end":{"line":15,"column":10}},"15":{"start":{"line":16,"column":0},"end":{"line":16,"column":8}},"16":{"start":{"line":17,"column":0},"end":{"line":17,"column":6}},"17":{"start":{"line":18,"column":0},"end":{"line":18,"column":10}},"18":{"start":{"line":19,"column":0},"end":{"line":19,"column":40}},"19":{"start":{"line":20,"column":0},"end":{"line":20,"column":16}},"20":{"start":{"line":21,"column":0},"end":{"line":21,"column":29}},"21":{"start":{"line":22,"column":0},"end":{"line":22,"column":40}},"22":{"start":{"line":23,"column":0},"end":{"line":23,"column":10}},"23":{"start":{"line":24,"column":0},"end":{"line":24,"column":8}},"24":{"start":{"line":25,"column":0},"end":{"line":25,"column":6}},"25":{"start":{"line":26,"column":0},"end":{"line":26,"column":4}},"26":{"start":{"line":27,"column":0},"end":{"line":27,"column":2}},"28":{"start":{"line":29,"column":0},"end":{"line":29,"column":62}},"29":{"start":{"line":30,"column":0},"end":{"line":30,"column":42}},"30":{"start":{"line":31,"column":0},"end":{"line":31,"column":9}},"31":{"start":{"line":32,"column":0},"end":{"line":32,"column":47}},"32":{"start":{"line":33,"column":0},"end":{"line":33,"column":61}},"33":{"start":{"line":34,"column":0},"end":{"line":34,"column":25}},"34":{"start":{"line":35,"column":0},"end":{"line":35,"column":36}},"35":{"start":{"line":36,"column":0},"end":{"line":36,"column":25}},"36":{"start":{"line":37,"column":0},"end":{"line":37,"column":9}},"38":{"start":{"line":39,"column":0},"end":{"line":39,"column":20}},"39":{"start":{"line":40,"column":0},"end":{"line":40,"column":9}},"40":{"start":{"line":41,"column":0},"end":{"line":41,"column":34}},"41":{"start":{"line":42,"column":0},"end":{"line":42,"column":45}},"42":{"start":{"line":43,"column":0},"end":{"line":43,"column":22}},"43":{"start":{"line":44,"column":0},"end":{"line":44,"column":10}},"44":{"start":{"line":45,"column":0},"end":{"line":45,"column":12}},"45":{"start":{"line":46,"column":0},"end":{"line":46,"column":7}},"46":{"start":{"line":47,"column":0},"end":{"line":47,"column":21}},"47":{"start":{"line":48,"column":0},"end":{"line":48,"column":78}},"48":{"start":{"line":49,"column":0},"end":{"line":49,"column":90}},"49":{"start":{"line":50,"column":0},"end":{"line":50,"column":5}},"50":{"start":{"line":51,"column":0},"end":{"line":51,"column":4}},"51":{"start":{"line":52,"column":0},"end":{"line":52,"column":1}}},"s":{"0":1,"1":1,"2":1,"4":1,"5":1,"6":1,"7":1,"8":1,"9":1,"10":1,"11":1,"12":1,"13":1,"14":1,"15":1,"16":1,"17":1,"18":1,"19":1,"20":1,"21":1,"22":1,"23":1,"24":1,"25":1,"26":1,"28":1,"29":11,"30":5,"31":5,"32":3,"33":3,"34":3,"35":3,"36":3,"38":3,"39":3,"40":3,"41":3,"42":3,"43":3,"44":3,"45":3,"46":3,"47":2,"48":2,"49":2,"50":11,"51":11},"branchMap":{"0":{"type":"branch","line":29,"loc":{"start":{"line":29,"column":7},"end":{"line":52,"column":1}},"locations":[{"start":{"line":29,"column":7},"end":{"line":52,"column":1}}]},"1":{"type":"branch","line":30,"loc":{"start":{"line":30,"column":28},"end":{"line":51,"column":3}},"locations":[{"start":{"line":30,"column":28},"end":{"line":51,"column":3}}]},"2":{"type":"branch","line":32,"loc":{"start":{"line":32,"column":46},"end":{"line":50,"column":5}},"locations":[{"start":{"line":32,"column":46},"end":{"line":50,"column":5}}]},"3":{"type":"branch","line":47,"loc":{"start":{"line":47,"column":4},"end":{"line":50,"column":5}},"locations":[{"start":{"line":47,"column":4},"end":{"line":50,"column":5}}]},"4":{"type":"branch","line":48,"loc":{"start":{"line":48,"column":39},"end":{"line":48,"column":63}},"locations":[{"start":{"line":48,"column":39},"end":{"line":48,"column":63}}]},"5":{"type":"branch","line":48,"loc":{"start":{"line":48,"column":53},"end":{"line":48,"column":78}},"locations":[{"start":{"line":48,"column":53},"end":{"line":48,"column":78}}]},"6":{"type":"branch","line":33,"loc":{"start":{"line":33,"column":52},"end":{"line":37,"column":8}},"locations":[{"start":{"line":33,"column":52},"end":{"line":37,"column":8}}]}},"b":{"0":[11],"1":[5],"2":[3],"3":[2],"4":[1],"5":[1],"6":[3]},"fnMap":{"0":{"name":"registerMarketsRoute","decl":{"start":{"line":29,"column":7},"end":{"line":52,"column":1}},"loc":{"start":{"line":29,"column":7},"end":{"line":52,"column":1}},"line":29}},"f":{"0":11}}
,"/Users/chris/git/cli-fy/airbnb.com/src/routes/stay-detail/route.ts": {"path":"/Users/chris/git/cli-fy/airbnb.com/src/routes/stay-detail/route.ts","all":false,"statementMap":{"0":{"start":{"line":1,"column":0},"end":{"line":1,"column":65}},"1":{"start":{"line":2,"column":0},"end":{"line":2,"column":64}},"2":{"start":{"line":3,"column":0},"end":{"line":3,"column":78}},"4":{"start":{"line":5,"column":0},"end":{"line":5,"column":37}},"5":{"start":{"line":6,"column":0},"end":{"line":6,"column":16}},"6":{"start":{"line":7,"column":0},"end":{"line":7,"column":21}},"7":{"start":{"line":8,"column":0},"end":{"line":8,"column":12}},"8":{"start":{"line":9,"column":0},"end":{"line":9,"column":35}},"9":{"start":{"line":10,"column":0},"end":{"line":10,"column":4}},"10":{"start":{"line":11,"column":0},"end":{"line":11,"column":14}},"11":{"start":{"line":12,"column":0},"end":{"line":12,"column":10}},"12":{"start":{"line":13,"column":0},"end":{"line":13,"column":33}},"13":{"start":{"line":14,"column":0},"end":{"line":14,"column":16}},"14":{"start":{"line":15,"column":0},"end":{"line":15,"column":29}},"15":{"start":{"line":16,"column":0},"end":{"line":16,"column":43}},"16":{"start":{"line":17,"column":0},"end":{"line":17,"column":10}},"17":{"start":{"line":18,"column":0},"end":{"line":18,"column":8}},"18":{"start":{"line":19,"column":0},"end":{"line":19,"column":6}},"19":{"start":{"line":20,"column":0},"end":{"line":20,"column":10}},"20":{"start":{"line":21,"column":0},"end":{"line":21,"column":36}},"21":{"start":{"line":22,"column":0},"end":{"line":22,"column":16}},"22":{"start":{"line":23,"column":0},"end":{"line":23,"column":29}},"23":{"start":{"line":24,"column":0},"end":{"line":24,"column":43}},"24":{"start":{"line":25,"column":0},"end":{"line":25,"column":10}},"25":{"start":{"line":26,"column":0},"end":{"line":26,"column":8}},"26":{"start":{"line":27,"column":0},"end":{"line":27,"column":6}},"27":{"start":{"line":28,"column":0},"end":{"line":28,"column":4}},"28":{"start":{"line":29,"column":0},"end":{"line":29,"column":2}},"30":{"start":{"line":31,"column":0},"end":{"line":31,"column":65}},"31":{"start":{"line":32,"column":0},"end":{"line":32,"column":45}},"32":{"start":{"line":33,"column":0},"end":{"line":33,"column":39}},"34":{"start":{"line":35,"column":0},"end":{"line":35,"column":9}},"35":{"start":{"line":36,"column":0},"end":{"line":36,"column":48}},"37":{"start":{"line":38,"column":0},"end":{"line":38,"column":57}},"38":{"start":{"line":39,"column":0},"end":{"line":39,"column":100}},"39":{"start":{"line":40,"column":0},"end":{"line":40,"column":7}},"41":{"start":{"line":42,"column":0},"end":{"line":42,"column":20}},"42":{"start":{"line":43,"column":0},"end":{"line":43,"column":9}},"43":{"start":{"line":44,"column":0},"end":{"line":44,"column":13}},"44":{"start":{"line":45,"column":0},"end":{"line":45,"column":19}},"45":{"start":{"line":46,"column":0},"end":{"line":46,"column":19}},"46":{"start":{"line":47,"column":0},"end":{"line":47,"column":79}},"47":{"start":{"line":48,"column":0},"end":{"line":48,"column":62}},"48":{"start":{"line":49,"column":0},"end":{"line":49,"column":21}},"49":{"start":{"line":50,"column":0},"end":{"line":50,"column":10}},"50":{"start":{"line":51,"column":0},"end":{"line":51,"column":12}},"51":{"start":{"line":52,"column":0},"end":{"line":52,"column":7}},"52":{"start":{"line":53,"column":0},"end":{"line":53,"column":21}},"53":{"start":{"line":54,"column":0},"end":{"line":54,"column":78}},"54":{"start":{"line":55,"column":0},"end":{"line":55,"column":78}},"55":{"start":{"line":56,"column":0},"end":{"line":56,"column":5}},"56":{"start":{"line":57,"column":0},"end":{"line":57,"column":4}},"57":{"start":{"line":58,"column":0},"end":{"line":58,"column":1}}},"s":{"0":1,"1":1,"2":1,"4":1,"5":1,"6":1,"7":1,"8":1,"9":1,"10":1,"11":1,"12":1,"13":1,"14":1,"15":1,"16":1,"17":1,"18":1,"19":1,"20":1,"21":1,"22":1,"23":1,"24":1,"25":1,"26":1,"27":1,"28":1,"30":1,"31":12,"32":6,"34":6,"35":6,"37":4,"38":5,"39":4,"41":4,"42":4,"43":4,"44":4,"45":4,"46":4,"47":2,"48":2,"49":6,"50":6,"51":6,"52":6,"53":2,"54":2,"55":2,"56":12,"57":12},"branchMap":{"0":{"type":"branch","line":31,"loc":{"start":{"line":31,"column":7},"end":{"line":58,"column":1}},"locations":[{"start":{"line":31,"column":7},"end":{"line":58,"column":1}}]},"1":{"type":"branch","line":32,"loc":{"start":{"line":32,"column":31},"end":{"line":57,"column":3}},"locations":[{"start":{"line":32,"column":31},"end":{"line":57,"column":3}}]},"2":{"type":"branch","line":36,"loc":{"start":{"line":36,"column":47},"end":{"line":47,"column":79}},"locations":[{"start":{"line":36,"column":47},"end":{"line":47,"column":79}}]},"3":{"type":"branch","line":47,"loc":{"start":{"line":47,"column":75},"end":{"line":48,"column":62}},"locations":[{"start":{"line":47,"column":75},"end":{"line":48,"column":62}}]},"4":{"type":"branch","line":48,"loc":{"start":{"line":48,"column":26},"end":{"line":49,"column":21}},"locations":[{"start":{"line":48,"column":26},"end":{"line":49,"column":21}}]},"5":{"type":"branch","line":53,"loc":{"start":{"line":53,"column":4},"end":{"line":56,"column":5}},"locations":[{"start":{"line":53,"column":4},"end":{"line":56,"column":5}}]},"6":{"type":"branch","line":54,"loc":{"start":{"line":54,"column":39},"end":{"line":54,"column":63}},"locations":[{"start":{"line":54,"column":39},"end":{"line":54,"column":63}}]},"7":{"type":"branch","line":54,"loc":{"start":{"line":54,"column":53},"end":{"line":54,"column":78}},"locations":[{"start":{"line":54,"column":53},"end":{"line":54,"column":78}}]},"8":{"type":"branch","line":38,"loc":{"start":{"line":38,"column":45},"end":{"line":39,"column":100}},"locations":[{"start":{"line":38,"column":45},"end":{"line":39,"column":100}}]},"9":{"type":"branch","line":39,"loc":{"start":{"line":39,"column":27},"end":{"line":39,"column":59}},"locations":[{"start":{"line":39,"column":27},"end":{"line":39,"column":59}}]},"10":{"type":"branch","line":39,"loc":{"start":{"line":39,"column":51},"end":{"line":39,"column":97}},"locations":[{"start":{"line":39,"column":51},"end":{"line":39,"column":97}}]},"11":{"type":"branch","line":39,"loc":{"start":{"line":39,"column":59},"end":{"line":39,"column":100}},"locations":[{"start":{"line":39,"column":59},"end":{"line":39,"column":100}}]}},"b":{"0":[12],"1":[6],"2":[4],"3":[2],"4":[2],"5":[2],"6":[1],"7":[1],"8":[5],"9":[4],"10":[3],"11":[2]},"fnMap":{"0":{"name":"registerStayDetailRoute","decl":{"start":{"line":31,"column":7},"end":{"line":58,"column":1}},"loc":{"start":{"line":31,"column":7},"end":{"line":58,"column":1}},"line":31}},"f":{"0":12}}
,"/Users/chris/git/cli-fy/airbnb.com/src/routes/stays-search/route.ts": {"path":"/Users/chris/git/cli-fy/airbnb.com/src/routes/stays-search/route.ts","all":false,"statementMap":{"0":{"start":{"line":1,"column":0},"end":{"line":1,"column":65}},"1":{"start":{"line":2,"column":0},"end":{"line":2,"column":65}},"2":{"start":{"line":3,"column":0},"end":{"line":3,"column":79}},"4":{"start":{"line":5,"column":0},"end":{"line":5,"column":38}},"5":{"start":{"line":6,"column":0},"end":{"line":6,"column":16}},"6":{"start":{"line":7,"column":0},"end":{"line":7,"column":17}},"7":{"start":{"line":8,"column":0},"end":{"line":8,"column":12}},"8":{"start":{"line":9,"column":0},"end":{"line":9,"column":34}},"9":{"start":{"line":10,"column":0},"end":{"line":10,"column":4}},"10":{"start":{"line":11,"column":0},"end":{"line":11,"column":14}},"11":{"start":{"line":12,"column":0},"end":{"line":12,"column":10}},"12":{"start":{"line":13,"column":0},"end":{"line":13,"column":41}},"13":{"start":{"line":14,"column":0},"end":{"line":14,"column":16}},"14":{"start":{"line":15,"column":0},"end":{"line":15,"column":29}},"15":{"start":{"line":16,"column":0},"end":{"line":16,"column":44}},"16":{"start":{"line":17,"column":0},"end":{"line":17,"column":10}},"17":{"start":{"line":18,"column":0},"end":{"line":18,"column":8}},"18":{"start":{"line":19,"column":0},"end":{"line":19,"column":6}},"19":{"start":{"line":20,"column":0},"end":{"line":20,"column":10}},"20":{"start":{"line":21,"column":0},"end":{"line":21,"column":36}},"21":{"start":{"line":22,"column":0},"end":{"line":22,"column":16}},"22":{"start":{"line":23,"column":0},"end":{"line":23,"column":29}},"23":{"start":{"line":24,"column":0},"end":{"line":24,"column":44}},"24":{"start":{"line":25,"column":0},"end":{"line":25,"column":10}},"25":{"start":{"line":26,"column":0},"end":{"line":26,"column":8}},"26":{"start":{"line":27,"column":0},"end":{"line":27,"column":6}},"27":{"start":{"line":28,"column":0},"end":{"line":28,"column":4}},"28":{"start":{"line":29,"column":0},"end":{"line":29,"column":2}},"30":{"start":{"line":31,"column":0},"end":{"line":31,"column":66}},"31":{"start":{"line":32,"column":0},"end":{"line":32,"column":46}},"32":{"start":{"line":33,"column":0},"end":{"line":33,"column":45}},"34":{"start":{"line":35,"column":0},"end":{"line":35,"column":9}},"35":{"start":{"line":36,"column":0},"end":{"line":36,"column":55}},"36":{"start":{"line":37,"column":0},"end":{"line":37,"column":56}},"37":{"start":{"line":38,"column":0},"end":{"line":38,"column":65}},"38":{"start":{"line":39,"column":0},"end":{"line":39,"column":37}},"39":{"start":{"line":40,"column":0},"end":{"line":40,"column":38}},"40":{"start":{"line":41,"column":0},"end":{"line":41,"column":20}},"41":{"start":{"line":42,"column":0},"end":{"line":42,"column":44}},"42":{"start":{"line":43,"column":0},"end":{"line":43,"column":33}},"43":{"start":{"line":44,"column":0},"end":{"line":44,"column":37}},"44":{"start":{"line":45,"column":0},"end":{"line":45,"column":78}},"45":{"start":{"line":46,"column":0},"end":{"line":46,"column":19}},"46":{"start":{"line":47,"column":0},"end":{"line":47,"column":73}},"47":{"start":{"line":48,"column":0},"end":{"line":48,"column":17}},"48":{"start":{"line":49,"column":0},"end":{"line":49,"column":27}},"49":{"start":{"line":50,"column":0},"end":{"line":50,"column":16}},"50":{"start":{"line":51,"column":0},"end":{"line":51,"column":59}},"51":{"start":{"line":52,"column":0},"end":{"line":52,"column":14}},"53":{"start":{"line":54,"column":0},"end":{"line":54,"column":51}},"54":{"start":{"line":55,"column":0},"end":{"line":55,"column":25}},"55":{"start":{"line":56,"column":0},"end":{"line":56,"column":40}},"56":{"start":{"line":57,"column":0},"end":{"line":57,"column":20}},"57":{"start":{"line":58,"column":0},"end":{"line":58,"column":46}},"58":{"start":{"line":59,"column":0},"end":{"line":59,"column":35}},"59":{"start":{"line":60,"column":0},"end":{"line":60,"column":36}},"60":{"start":{"line":61,"column":0},"end":{"line":61,"column":77}},"61":{"start":{"line":62,"column":0},"end":{"line":62,"column":19}},"62":{"start":{"line":63,"column":0},"end":{"line":63,"column":72}},"63":{"start":{"line":64,"column":0},"end":{"line":64,"column":17}},"64":{"start":{"line":65,"column":0},"end":{"line":65,"column":27}},"65":{"start":{"line":66,"column":0},"end":{"line":66,"column":16}},"66":{"start":{"line":67,"column":0},"end":{"line":67,"column":62}},"67":{"start":{"line":68,"column":0},"end":{"line":68,"column":14}},"69":{"start":{"line":70,"column":0},"end":{"line":70,"column":21}},"70":{"start":{"line":71,"column":0},"end":{"line":71,"column":62}},"71":{"start":{"line":72,"column":0},"end":{"line":72,"column":51}},"72":{"start":{"line":73,"column":0},"end":{"line":73,"column":85}},"73":{"start":{"line":74,"column":0},"end":{"line":74,"column":21}},"75":{"start":{"line":76,"column":0},"end":{"line":76,"column":99}},"79":{"start":{"line":80,"column":0},"end":{"line":80,"column":30}},"80":{"start":{"line":81,"column":0},"end":{"line":81,"column":15}},"81":{"start":{"line":82,"column":0},"end":{"line":82,"column":16}},"83":{"start":{"line":84,"column":0},"end":{"line":84,"column":16}},"84":{"start":{"line":85,"column":0},"end":{"line":85,"column":36}},"85":{"start":{"line":86,"column":0},"end":{"line":86,"column":42}},"86":{"start":{"line":87,"column":0},"end":{"line":87,"column":53}},"87":{"start":{"line":88,"column":0},"end":{"line":88,"column":16}},"88":{"start":{"line":89,"column":0},"end":{"line":89,"column":32}},"89":{"start":{"line":90,"column":0},"end":{"line":90,"column":17}},"90":{"start":{"line":91,"column":0},"end":{"line":91,"column":9}},"91":{"start":{"line":92,"column":0},"end":{"line":92,"column":8}},"93":{"start":{"line":94,"column":0},"end":{"line":94,"column":47}},"94":{"start":{"line":95,"column":0},"end":{"line":95,"column":21}},"95":{"start":{"line":96,"column":0},"end":{"line":96,"column":78}},"96":{"start":{"line":97,"column":0},"end":{"line":97,"column":67}},"97":{"start":{"line":98,"column":0},"end":{"line":98,"column":5}},"98":{"start":{"line":99,"column":0},"end":{"line":99,"column":4}},"99":{"start":{"line":100,"column":0},"end":{"line":100,"column":1}}},"s":{"0":1,"1":1,"2":1,"4":1,"5":1,"6":1,"7":1,"8":1,"9":1,"10":1,"11":1,"12":1,"13":1,"14":1,"15":1,"16":1,"17":1,"18":1,"19":1,"20":1,"21":1,"22":1,"23":1,"24":1,"25":1,"26":1,"27":1,"28":1,"30":1,"31":12,"32":6,"34":6,"35":6,"36":4,"37":21,"38":20,"39":20,"40":112,"41":112,"42":111,"43":111,"44":110,"45":112,"46":110,"47":110,"48":2,"49":20,"50":20,"51":1,"53":21,"54":20,"55":20,"56":18,"57":18,"58":17,"59":17,"60":16,"61":18,"62":16,"63":16,"64":2,"65":20,"66":20,"67":1,"69":21,"70":21,"71":20,"72":19,"73":19,"75":19,"79":19,"80":19,"81":2,"83":21,"84":21,"85":21,"86":21,"87":21,"88":21,"89":21,"90":21,"91":4,"93":4,"94":4,"95":2,"96":2,"97":2,"98":12,"99":12},"branchMap":{"0":{"type":"branch","line":31,"loc":{"start":{"line":31,"column":7},"end":{"line":100,"column":1}},"locations":[{"start":{"line":31,"column":7},"end":{"line":100,"column":1}}]},"1":{"type":"branch","line":32,"loc":{"start":{"line":32,"column":32},"end":{"line":99,"column":3}},"locations":[{"start":{"line":32,"column":32},"end":{"line":99,"column":3}}]},"2":{"type":"branch","line":36,"loc":{"start":{"line":36,"column":54},"end":{"line":98,"column":5}},"locations":[{"start":{"line":36,"column":54},"end":{"line":98,"column":5}}]},"3":{"type":"branch","line":95,"loc":{"start":{"line":95,"column":4},"end":{"line":98,"column":5}},"locations":[{"start":{"line":95,"column":4},"end":{"line":98,"column":5}}]},"4":{"type":"branch","line":96,"loc":{"start":{"line":96,"column":39},"end":{"line":96,"column":63}},"locations":[{"start":{"line":96,"column":39},"end":{"line":96,"column":63}}]},"5":{"type":"branch","line":96,"loc":{"start":{"line":96,"column":53},"end":{"line":96,"column":78}},"locations":[{"start":{"line":96,"column":53},"end":{"line":96,"column":78}}]},"6":{"type":"branch","line":37,"loc":{"start":{"line":37,"column":43},"end":{"line":92,"column":7}},"locations":[{"start":{"line":37,"column":43},"end":{"line":92,"column":7}}]},"7":{"type":"branch","line":38,"loc":{"start":{"line":38,"column":64},"end":{"line":51,"column":59}},"locations":[{"start":{"line":38,"column":64},"end":{"line":51,"column":59}}]},"8":{"type":"branch","line":51,"loc":{"start":{"line":51,"column":58},"end":{"line":52,"column":14}},"locations":[{"start":{"line":51,"column":58},"end":{"line":52,"column":14}}]},"9":{"type":"branch","line":54,"loc":{"start":{"line":54,"column":50},"end":{"line":67,"column":62}},"locations":[{"start":{"line":54,"column":50},"end":{"line":67,"column":62}}]},"10":{"type":"branch","line":67,"loc":{"start":{"line":67,"column":61},"end":{"line":68,"column":14}},"locations":[{"start":{"line":67,"column":61},"end":{"line":68,"column":14}}]},"11":{"type":"branch","line":71,"loc":{"start":{"line":71,"column":51},"end":{"line":72,"column":51}},"locations":[{"start":{"line":71,"column":51},"end":{"line":72,"column":51}}]},"12":{"type":"branch","line":72,"loc":{"start":{"line":72,"column":44},"end":{"line":73,"column":85}},"locations":[{"start":{"line":72,"column":44},"end":{"line":73,"column":85}}]},"13":{"type":"branch","line":73,"loc":{"start":{"line":73,"column":35},"end":{"line":81,"column":15}},"locations":[{"start":{"line":73,"column":35},"end":{"line":81,"column":15}}]},"14":{"type":"branch","line":80,"loc":{"start":{"line":80,"column":18},"end":{"line":80,"column":30}},"locations":[{"start":{"line":80,"column":18},"end":{"line":80,"column":30}}]},"15":{"type":"branch","line":81,"loc":{"start":{"line":81,"column":14},"end":{"line":82,"column":16}},"locations":[{"start":{"line":81,"column":14},"end":{"line":82,"column":16}}]},"16":{"type":"branch","line":85,"loc":{"start":{"line":85,"column":24},"end":{"line":85,"column":36}},"locations":[{"start":{"line":85,"column":24},"end":{"line":85,"column":36}}]},"17":{"type":"branch","line":86,"loc":{"start":{"line":86,"column":27},"end":{"line":86,"column":42}},"locations":[{"start":{"line":86,"column":27},"end":{"line":86,"column":42}}]},"18":{"type":"branch","line":87,"loc":{"start":{"line":87,"column":28},"end":{"line":87,"column":53}},"locations":[{"start":{"line":87,"column":28},"end":{"line":87,"column":53}}]},"19":{"type":"branch","line":40,"loc":{"start":{"line":40,"column":19},"end":{"line":50,"column":15}},"locations":[{"start":{"line":40,"column":19},"end":{"line":50,"column":15}}]},"20":{"type":"branch","line":42,"loc":{"start":{"line":42,"column":33},"end":{"line":43,"column":33}},"locations":[{"start":{"line":42,"column":33},"end":{"line":43,"column":33}}]},"21":{"type":"branch","line":43,"loc":{"start":{"line":43,"column":26},"end":{"line":44,"column":37}},"locations":[{"start":{"line":43,"column":26},"end":{"line":44,"column":37}}]},"22":{"type":"branch","line":44,"loc":{"start":{"line":44,"column":31},"end":{"line":45,"column":78}},"locations":[{"start":{"line":44,"column":31},"end":{"line":45,"column":78}}]},"23":{"type":"branch","line":46,"loc":{"start":{"line":46,"column":18},"end":{"line":49,"column":27}},"locations":[{"start":{"line":46,"column":18},"end":{"line":49,"column":27}}]},"24":{"type":"branch","line":48,"loc":{"start":{"line":48,"column":16},"end":{"line":49,"column":27}},"locations":[{"start":{"line":48,"column":16},"end":{"line":49,"column":27}}]},"25":{"type":"branch","line":51,"loc":{"start":{"line":51,"column":22},"end":{"line":51,"column":58}},"locations":[{"start":{"line":51,"column":22},"end":{"line":51,"column":58}}]},"26":{"type":"branch","line":56,"loc":{"start":{"line":56,"column":19},"end":{"line":66,"column":15}},"locations":[{"start":{"line":56,"column":19},"end":{"line":66,"column":15}}]},"27":{"type":"branch","line":58,"loc":{"start":{"line":58,"column":35},"end":{"line":59,"column":35}},"locations":[{"start":{"line":58,"column":35},"end":{"line":59,"column":35}}]},"28":{"type":"branch","line":59,"loc":{"start":{"line":59,"column":28},"end":{"line":60,"column":36}},"locations":[{"start":{"line":59,"column":28},"end":{"line":60,"column":36}}]},"29":{"type":"branch","line":60,"loc":{"start":{"line":60,"column":28},"end":{"line":61,"column":77}},"locations":[{"start":{"line":60,"column":28},"end":{"line":61,"column":77}}]},"30":{"type":"branch","line":62,"loc":{"start":{"line":62,"column":18},"end":{"line":65,"column":27}},"locations":[{"start":{"line":62,"column":18},"end":{"line":65,"column":27}}]},"31":{"type":"branch","line":64,"loc":{"start":{"line":64,"column":16},"end":{"line":65,"column":27}},"locations":[{"start":{"line":64,"column":16},"end":{"line":65,"column":27}}]},"32":{"type":"branch","line":67,"loc":{"start":{"line":67,"column":22},"end":{"line":67,"column":61}},"locations":[{"start":{"line":67,"column":22},"end":{"line":67,"column":61}}]}},"b":{"0":[12],"1":[6],"2":[4],"3":[2],"4":[1],"5":[1],"6":[21],"7":[20],"8":[1],"9":[20],"10":[1],"11":[20],"12":[19],"13":[19],"14":[3],"15":[2],"16":[0],"17":[1],"18":[1],"19":[112],"20":[111],"21":[111],"22":[110],"23":[110],"24":[2],"25":[112],"26":[18],"27":[17],"28":[17],"29":[16],"30":[16],"31":[2],"32":[18]},"fnMap":{"0":{"name":"registerStaysSearchRoute","decl":{"start":{"line":31,"column":7},"end":{"line":100,"column":1}},"loc":{"start":{"line":31,"column":7},"end":{"line":100,"column":1}},"line":31}},"f":{"0":12}}
,"/Users/chris/git/cli-fy/airbnb.com/src/utils/fetch.ts": {"path":"/Users/chris/git/cli-fy/airbnb.com/src/utils/fetch.ts","all":false,"statementMap":{"0":{"start":{"line":1,"column":0},"end":{"line":1,"column":39}},"1":{"start":{"line":2,"column":0},"end":{"line":2,"column":14}},"2":{"start":{"line":3,"column":0},"end":{"line":3,"column":20}},"3":{"start":{"line":4,"column":0},"end":{"line":4,"column":28}},"4":{"start":{"line":5,"column":0},"end":{"line":5,"column":25}},"5":{"start":{"line":6,"column":0},"end":{"line":6,"column":5}},"6":{"start":{"line":7,"column":0},"end":{"line":7,"column":18}},"7":{"start":{"line":8,"column":0},"end":{"line":8,"column":28}},"8":{"start":{"line":9,"column":0},"end":{"line":9,"column":3}},"9":{"start":{"line":10,"column":0},"end":{"line":10,"column":1}},"11":{"start":{"line":12,"column":0},"end":{"line":12,"column":39}},"12":{"start":{"line":13,"column":0},"end":{"line":13,"column":14}},"13":{"start":{"line":14,"column":0},"end":{"line":14,"column":28}},"14":{"start":{"line":15,"column":0},"end":{"line":15,"column":21}},"15":{"start":{"line":16,"column":0},"end":{"line":16,"column":22}},"16":{"start":{"line":17,"column":0},"end":{"line":17,"column":42}},"17":{"start":{"line":18,"column":0},"end":{"line":18,"column":65}},"19":{"start":{"line":20,"column":0},"end":{"line":20,"column":7}},"20":{"start":{"line":21,"column":0},"end":{"line":21,"column":39}},"21":{"start":{"line":22,"column":0},"end":{"line":22,"column":17}},"22":{"start":{"line":23,"column":0},"end":{"line":23,"column":32}},"23":{"start":{"line":24,"column":0},"end":{"line":24,"column":6}},"24":{"start":{"line":25,"column":0},"end":{"line":25,"column":19}},"25":{"start":{"line":26,"column":0},"end":{"line":26,"column":13}},"26":{"start":{"line":27,"column":0},"end":{"line":27,"column":25}},"27":{"start":{"line":28,"column":0},"end":{"line":28,"column":3}},"28":{"start":{"line":29,"column":0},"end":{"line":29,"column":1}},"30":{"start":{"line":31,"column":0},"end":{"line":31,"column":35}},"31":{"start":{"line":32,"column":0},"end":{"line":32,"column":14}},"32":{"start":{"line":33,"column":0},"end":{"line":33,"column":28}},"33":{"start":{"line":34,"column":0},"end":{"line":34,"column":21}},"34":{"start":{"line":35,"column":0},"end":{"line":35,"column":15}},"35":{"start":{"line":36,"column":0},"end":{"line":36,"column":66}},"37":{"start":{"line":38,"column":0},"end":{"line":38,"column":21}},"38":{"start":{"line":39,"column":0},"end":{"line":39,"column":86}},"39":{"start":{"line":40,"column":0},"end":{"line":40,"column":3}},"41":{"start":{"line":42,"column":0},"end":{"line":42,"column":38}},"42":{"start":{"line":43,"column":0},"end":{"line":43,"column":1}}},"s":{"0":1,"1":1,"2":2,"3":2,"4":2,"5":2,"6":2,"7":2,"8":2,"9":1,"11":15,"12":15,"13":15,"14":15,"15":15,"16":15,"17":15,"19":15,"20":15,"21":15,"22":15,"23":15,"24":14,"25":15,"26":15,"27":15,"28":15,"30":7,"31":7,"32":7,"33":7,"34":7,"35":7,"37":7,"38":2,"39":2,"41":5,"42":5},"branchMap":{"0":{"type":"branch","line":2,"loc":{"start":{"line":2,"column":2},"end":{"line":9,"column":3}},"locations":[{"start":{"line":2,"column":2},"end":{"line":9,"column":3}}]},"1":{"type":"branch","line":12,"loc":{"start":{"line":12,"column":0},"end":{"line":29,"column":1}},"locations":[{"start":{"line":12,"column":0},"end":{"line":29,"column":1}}]},"2":{"type":"branch","line":24,"loc":{"start":{"line":24,"column":5},"end":{"line":26,"column":4}},"locations":[{"start":{"line":24,"column":5},"end":{"line":26,"column":4}}]},"3":{"type":"branch","line":18,"loc":{"start":{"line":18,"column":29},"end":{"line":18,"column":55}},"locations":[{"start":{"line":18,"column":29},"end":{"line":18,"column":55}}]},"4":{"type":"branch","line":31,"loc":{"start":{"line":31,"column":0},"end":{"line":43,"column":1}},"locations":[{"start":{"line":31,"column":0},"end":{"line":43,"column":1}}]},"5":{"type":"branch","line":38,"loc":{"start":{"line":38,"column":20},"end":{"line":40,"column":3}},"locations":[{"start":{"line":38,"column":20},"end":{"line":40,"column":3}}]},"6":{"type":"branch","line":40,"loc":{"start":{"line":40,"column":2},"end":{"line":43,"column":1}},"locations":[{"start":{"line":40,"column":2},"end":{"line":43,"column":1}}]}},"b":{"0":[2],"1":[15],"2":[14],"3":[1],"4":[7],"5":[2],"6":[5]},"fnMap":{"0":{"name":"FetchError","decl":{"start":{"line":2,"column":2},"end":{"line":9,"column":3}},"loc":{"start":{"line":2,"column":2},"end":{"line":9,"column":3}},"line":2},"1":{"name":"fetchWithTimeout","decl":{"start":{"line":12,"column":0},"end":{"line":29,"column":1}},"loc":{"start":{"line":12,"column":0},"end":{"line":29,"column":1}},"line":12},"2":{"name":"fetchJson","decl":{"start":{"line":31,"column":0},"end":{"line":43,"column":1}},"loc":{"start":{"line":31,"column":0},"end":{"line":43,"column":1}},"line":31}},"f":{"0":2,"1":15,"2":7}}
,"/Users/chris/git/cli-fy/airbnb.com/src/utils/html-extractor.ts": {"path":"/Users/chris/git/cli-fy/airbnb.com/src/utils/html-extractor.ts","all":false,"statementMap":{"9":{"start":{"line":10,"column":0},"end":{"line":10,"column":70}},"10":{"start":{"line":11,"column":0},"end":{"line":11,"column":58}},"12":{"start":{"line":13,"column":0},"end":{"line":13,"column":51}},"13":{"start":{"line":14,"column":0},"end":{"line":14,"column":34}},"14":{"start":{"line":15,"column":0},"end":{"line":15,"column":45}},"15":{"start":{"line":16,"column":0},"end":{"line":16,"column":40}},"16":{"start":{"line":17,"column":0},"end":{"line":17,"column":8}},"17":{"start":{"line":18,"column":0},"end":{"line":18,"column":60}},"18":{"start":{"line":19,"column":0},"end":{"line":19,"column":47}},"19":{"start":{"line":20,"column":0},"end":{"line":20,"column":7}},"20":{"start":{"line":21,"column":0},"end":{"line":21,"column":72}},"21":{"start":{"line":22,"column":0},"end":{"line":22,"column":29}},"22":{"start":{"line":23,"column":0},"end":{"line":23,"column":13}},"23":{"start":{"line":24,"column":0},"end":{"line":24,"column":49}},"34":{"start":{"line":35,"column":0},"end":{"line":35,"column":18}},"35":{"start":{"line":36,"column":0},"end":{"line":36,"column":86}},"36":{"start":{"line":37,"column":0},"end":{"line":37,"column":11}},"37":{"start":{"line":38,"column":0},"end":{"line":38,"column":17}},"39":{"start":{"line":40,"column":0},"end":{"line":40,"column":9}},"40":{"start":{"line":41,"column":0},"end":{"line":41,"column":7}},"41":{"start":{"line":42,"column":0},"end":{"line":42,"column":5}},"42":{"start":{"line":43,"column":0},"end":{"line":43,"column":3}},"44":{"start":{"line":45,"column":0},"end":{"line":45,"column":30}},"45":{"start":{"line":46,"column":0},"end":{"line":46,"column":1}},"47":{"start":{"line":48,"column":0},"end":{"line":48,"column":70}},"48":{"start":{"line":49,"column":0},"end":{"line":49,"column":58}},"50":{"start":{"line":51,"column":0},"end":{"line":51,"column":51}},"51":{"start":{"line":52,"column":0},"end":{"line":52,"column":34}},"52":{"start":{"line":53,"column":0},"end":{"line":53,"column":45}},"53":{"start":{"line":54,"column":0},"end":{"line":54,"column":40}},"54":{"start":{"line":55,"column":0},"end":{"line":55,"column":8}},"55":{"start":{"line":56,"column":0},"end":{"line":56,"column":58}},"56":{"start":{"line":57,"column":0},"end":{"line":57,"column":63}},"57":{"start":{"line":58,"column":0},"end":{"line":58,"column":47}},"58":{"start":{"line":59,"column":0},"end":{"line":59,"column":7}},"59":{"start":{"line":60,"column":0},"end":{"line":60,"column":72}},"60":{"start":{"line":61,"column":0},"end":{"line":61,"column":29}},"61":{"start":{"line":62,"column":0},"end":{"line":62,"column":13}},"62":{"start":{"line":63,"column":0},"end":{"line":63,"column":49}},"74":{"start":{"line":75,"column":0},"end":{"line":75,"column":18}},"75":{"start":{"line":76,"column":0},"end":{"line":76,"column":87}},"76":{"start":{"line":77,"column":0},"end":{"line":77,"column":87}},"77":{"start":{"line":78,"column":0},"end":{"line":78,"column":11}},"78":{"start":{"line":79,"column":0},"end":{"line":79,"column":17}},"80":{"start":{"line":81,"column":0},"end":{"line":81,"column":9}},"81":{"start":{"line":82,"column":0},"end":{"line":82,"column":7}},"82":{"start":{"line":83,"column":0},"end":{"line":83,"column":5}},"83":{"start":{"line":84,"column":0},"end":{"line":84,"column":3}},"85":{"start":{"line":86,"column":0},"end":{"line":86,"column":41}},"86":{"start":{"line":87,"column":0},"end":{"line":87,"column":1}},"88":{"start":{"line":89,"column":0},"end":{"line":89,"column":78}},"89":{"start":{"line":90,"column":0},"end":{"line":90,"column":44}},"90":{"start":{"line":91,"column":0},"end":{"line":91,"column":28}},"92":{"start":{"line":93,"column":0},"end":{"line":93,"column":15}},"93":{"start":{"line":94,"column":0},"end":{"line":94,"column":22}},"94":{"start":{"line":95,"column":0},"end":{"line":95,"column":23}},"95":{"start":{"line":96,"column":0},"end":{"line":96,"column":18}},"97":{"start":{"line":98,"column":0},"end":{"line":98,"column":48}},"98":{"start":{"line":99,"column":0},"end":{"line":99,"column":25}},"99":{"start":{"line":100,"column":0},"end":{"line":100,"column":17}},"101":{"start":{"line":102,"column":0},"end":{"line":102,"column":20}},"102":{"start":{"line":103,"column":0},"end":{"line":103,"column":23}},"103":{"start":{"line":104,"column":0},"end":{"line":104,"column":14}},"104":{"start":{"line":105,"column":0},"end":{"line":105,"column":5}},"105":{"start":{"line":106,"column":0},"end":{"line":106,"column":22}},"106":{"start":{"line":107,"column":0},"end":{"line":107,"column":22}},"107":{"start":{"line":108,"column":0},"end":{"line":108,"column":14}},"108":{"start":{"line":109,"column":0},"end":{"line":109,"column":5}},"109":{"start":{"line":110,"column":0},"end":{"line":110,"column":34}},"110":{"start":{"line":111,"column":0},"end":{"line":111,"column":21}},"111":{"start":{"line":112,"column":0},"end":{"line":112,"column":14}},"112":{"start":{"line":113,"column":0},"end":{"line":113,"column":5}},"113":{"start":{"line":114,"column":0},"end":{"line":114,"column":33}},"114":{"start":{"line":115,"column":0},"end":{"line":115,"column":22}},"115":{"start":{"line":116,"column":0},"end":{"line":116,"column":14}},"116":{"start":{"line":117,"column":0},"end":{"line":117,"column":5}},"117":{"start":{"line":118,"column":0},"end":{"line":118,"column":20}},"118":{"start":{"line":119,"column":0},"end":{"line":119,"column":29}},"119":{"start":{"line":120,"column":0},"end":{"line":120,"column":29}},"120":{"start":{"line":121,"column":0},"end":{"line":121,"column":38}},"121":{"start":{"line":122,"column":0},"end":{"line":122,"column":13}},"122":{"start":{"line":123,"column":0},"end":{"line":123,"column":7}},"123":{"start":{"line":124,"column":0},"end":{"line":124,"column":5}},"124":{"start":{"line":125,"column":0},"end":{"line":125,"column":3}},"126":{"start":{"line":127,"column":0},"end":{"line":127,"column":16}},"127":{"start":{"line":128,"column":0},"end":{"line":128,"column":1}}},"s":{"9":1,"10":8,"12":8,"13":61,"14":61,"15":61,"16":61,"17":61,"18":8,"19":61,"20":7,"21":7,"22":7,"23":7,"34":7,"35":7,"36":7,"37":7,"39":2,"40":7,"41":7,"42":61,"44":3,"45":3,"47":1,"48":6,"50":6,"51":5,"52":5,"53":5,"54":5,"55":5,"56":5,"57":5,"58":5,"59":5,"60":5,"61":5,"62":5,"74":5,"75":5,"76":5,"77":5,"78":5,"80":2,"81":5,"82":5,"83":5,"85":3,"86":3,"88":12,"89":12,"90":12,"92":12,"93":12,"94":12,"95":12,"97":12,"98":369591,"99":369591,"101":369591,"102":2,"103":2,"104":2,"105":369591,"106":2,"107":2,"108":2,"109":369591,"110":20371,"111":20371,"112":20371,"113":369591,"114":20371,"115":20371,"116":20371,"117":369591,"118":56963,"119":56963,"120":56963,"121":12,"122":12,"123":56963,"124":369591,"126":12,"127":12},"branchMap":{"0":{"type":"branch","line":10,"loc":{"start":{"line":10,"column":7},"end":{"line":46,"column":1}},"locations":[{"start":{"line":10,"column":7},"end":{"line":46,"column":1}}]},"1":{"type":"branch","line":13,"loc":{"start":{"line":13,"column":50},"end":{"line":43,"column":3}},"locations":[{"start":{"line":13,"column":50},"end":{"line":43,"column":3}}]},"2":{"type":"branch","line":15,"loc":{"start":{"line":15,"column":37},"end":{"line":15,"column":45}},"locations":[{"start":{"line":15,"column":37},"end":{"line":15,"column":45}}]},"3":{"type":"branch","line":18,"loc":{"start":{"line":18,"column":56},"end":{"line":19,"column":47}},"locations":[{"start":{"line":18,"column":56},"end":{"line":19,"column":47}}]},"4":{"type":"branch","line":20,"loc":{"start":{"line":20,"column":6},"end":{"line":42,"column":5}},"locations":[{"start":{"line":20,"column":6},"end":{"line":42,"column":5}}]},"5":{"type":"branch","line":38,"loc":{"start":{"line":38,"column":8},"end":{"line":40,"column":9}},"locations":[{"start":{"line":38,"column":8},"end":{"line":40,"column":9}}]},"6":{"type":"branch","line":43,"loc":{"start":{"line":43,"column":2},"end":{"line":46,"column":1}},"locations":[{"start":{"line":43,"column":2},"end":{"line":46,"column":1}}]},"7":{"type":"branch","line":48,"loc":{"start":{"line":48,"column":7},"end":{"line":87,"column":1}},"locations":[{"start":{"line":48,"column":7},"end":{"line":87,"column":1}}]},"8":{"type":"branch","line":51,"loc":{"start":{"line":51,"column":50},"end":{"line":84,"column":3}},"locations":[{"start":{"line":51,"column":50},"end":{"line":84,"column":3}}]},"9":{"type":"branch","line":53,"loc":{"start":{"line":53,"column":37},"end":{"line":53,"column":45}},"locations":[{"start":{"line":53,"column":37},"end":{"line":53,"column":45}}]},"10":{"type":"branch","line":79,"loc":{"start":{"line":79,"column":8},"end":{"line":81,"column":9}},"locations":[{"start":{"line":79,"column":8},"end":{"line":81,"column":9}}]},"11":{"type":"branch","line":84,"loc":{"start":{"line":84,"column":2},"end":{"line":87,"column":1}},"locations":[{"start":{"line":84,"column":2},"end":{"line":87,"column":1}}]},"12":{"type":"branch","line":89,"loc":{"start":{"line":89,"column":0},"end":{"line":128,"column":1}},"locations":[{"start":{"line":89,"column":0},"end":{"line":128,"column":1}}]},"13":{"type":"branch","line":91,"loc":{"start":{"line":91,"column":17},"end":{"line":91,"column":28}},"locations":[{"start":{"line":91,"column":17},"end":{"line":91,"column":28}}]},"14":{"type":"branch","line":98,"loc":{"start":{"line":98,"column":47},"end":{"line":125,"column":3}},"locations":[{"start":{"line":98,"column":47},"end":{"line":125,"column":3}}]},"15":{"type":"branch","line":102,"loc":{"start":{"line":102,"column":19},"end":{"line":105,"column":5}},"locations":[{"start":{"line":102,"column":19},"end":{"line":105,"column":5}}]},"16":{"type":"branch","line":105,"loc":{"start":{"line":105,"column":4},"end":{"line":106,"column":21}},"locations":[{"start":{"line":105,"column":4},"end":{"line":106,"column":21}}]},"17":{"type":"branch","line":106,"loc":{"start":{"line":106,"column":21},"end":{"line":109,"column":5}},"locations":[{"start":{"line":106,"column":21},"end":{"line":109,"column":5}}]},"18":{"type":"branch","line":109,"loc":{"start":{"line":109,"column":4},"end":{"line":110,"column":22}},"locations":[{"start":{"line":109,"column":4},"end":{"line":110,"column":22}}]},"19":{"type":"branch","line":110,"loc":{"start":{"line":110,"column":15},"end":{"line":110,"column":33}},"locations":[{"start":{"line":110,"column":15},"end":{"line":110,"column":33}}]},"20":{"type":"branch","line":110,"loc":{"start":{"line":110,"column":33},"end":{"line":113,"column":5}},"locations":[{"start":{"line":110,"column":33},"end":{"line":113,"column":5}}]},"21":{"type":"branch","line":113,"loc":{"start":{"line":113,"column":4},"end":{"line":114,"column":22}},"locations":[{"start":{"line":113,"column":4},"end":{"line":114,"column":22}}]},"22":{"type":"branch","line":114,"loc":{"start":{"line":114,"column":15},"end":{"line":114,"column":32}},"locations":[{"start":{"line":114,"column":15},"end":{"line":114,"column":32}}]},"23":{"type":"branch","line":114,"loc":{"start":{"line":114,"column":32},"end":{"line":117,"column":5}},"locations":[{"start":{"line":114,"column":32},"end":{"line":117,"column":5}}]},"24":{"type":"branch","line":117,"loc":{"start":{"line":117,"column":4},"end":{"line":118,"column":19}},"locations":[{"start":{"line":117,"column":4},"end":{"line":118,"column":19}}]},"25":{"type":"branch","line":118,"loc":{"start":{"line":118,"column":19},"end":{"line":124,"column":5}},"locations":[{"start":{"line":118,"column":19},"end":{"line":124,"column":5}}]},"26":{"type":"branch","line":119,"loc":{"start":{"line":119,"column":22},"end":{"line":119,"column":29}},"locations":[{"start":{"line":119,"column":22},"end":{"line":119,"column":29}}]},"27":{"type":"branch","line":120,"loc":{"start":{"line":120,"column":22},"end":{"line":120,"column":29}},"locations":[{"start":{"line":120,"column":22},"end":{"line":120,"column":29}}]},"28":{"type":"branch","line":121,"loc":{"start":{"line":121,"column":20},"end":{"line":121,"column":37}},"locations":[{"start":{"line":121,"column":20},"end":{"line":121,"column":37}}]},"29":{"type":"branch","line":121,"loc":{"start":{"line":121,"column":37},"end":{"line":123,"column":7}},"locations":[{"start":{"line":121,"column":37},"end":{"line":123,"column":7}}]}},"b":{"0":[8],"1":[61],"2":[0],"3":[8],"4":[7],"5":[2],"6":[3],"7":[6],"8":[5],"9":[0],"10":[2],"11":[3],"12":[12],"13":[0],"14":[369591],"15":[2],"16":[369589],"17":[2],"18":[369587],"19":[40742],"20":[20371],"21":[349216],"22":[20371],"23":[20371],"24":[328845],"25":[56963],"26":[2598],"27":[2598],"28":[12],"29":[12]},"fnMap":{"0":{"name":"extractSearchData","decl":{"start":{"line":10,"column":7},"end":{"line":46,"column":1}},"loc":{"start":{"line":10,"column":7},"end":{"line":46,"column":1}},"line":10},"1":{"name":"extractDetailData","decl":{"start":{"line":48,"column":7},"end":{"line":87,"column":1}},"loc":{"start":{"line":48,"column":7},"end":{"line":87,"column":1}},"line":48},"2":{"name":"findJsonObject","decl":{"start":{"line":89,"column":0},"end":{"line":128,"column":1}},"loc":{"start":{"line":89,"column":0},"end":{"line":128,"column":1}},"line":89}},"f":{"0":8,"1":6,"2":12}}
}
